c:\users\one\desktop\optical flow\opticalflow_vs\opticalflow_vs\optiflow\debug\opticalflowd.pch
c:\users\one\desktop\optical flow\opticalflow_vs\opticalflow_vs\optiflow\debug\stdafx.obj
c:\users\one\desktop\optical flow\opticalflow_vs\opticalflow_vs\optiflow\debug\vc100.pdb
c:\users\one\desktop\optical flow\opticalflow_vs\opticalflow_vs\optiflow\debug\between.obj
c:\users\one\desktop\optical flow\opticalflow_vs\opticalflow_vs\optiflow\debug\main.obj
c:\users\one\desktop\optical flow\opticalflow_vs\opticalflow_vs\optiflow\debug\tracker.obj
c:\users\one\desktop\optical flow\opticalflow_vs\opticalflow_vs\debug\opticalflowd.exe
c:\users\one\desktop\optical flow\opticalflow_vs\opticalflow_vs\debug\opticalflowd.pdb
c:\users\one\desktop\optical flow\opticalflow_vs\opticalflow_vs\optiflow\debug\opticalflow.res
c:\users\one\desktop\robot vision projects\opticalflow_vs\opticalflow_vs\opticalflow_vs\optiflow\debug\opticalflowd.pch
c:\users\one\desktop\robot vision projects\opticalflow_vs\opticalflow_vs\opticalflow_vs\optiflow\debug\vc140.pdb
c:\users\one\desktop\robot vision projects\opticalflow_vs\opticalflow_vs\opticalflow_vs\optiflow\debug\vc140.idb
c:\users\one\desktop\robot vision projects\opticalflow_vs\opticalflow_vs\opticalflow_vs\optiflow\debug\stdafx.obj
c:\users\one\desktop\robot vision projects\opticalflow_vs\opticalflow_vs\opticalflow_vs\optiflow\debug\between.obj
c:\users\one\desktop\robot vision projects\opticalflow_vs\opticalflow_vs\opticalflow_vs\optiflow\debug\main.obj
c:\users\one\desktop\robot vision projects\opticalflow_vs\opticalflow_vs\opticalflow_vs\optiflow\debug\tracker.obj
d:\school\robot vision\module 4 required assignment four\opticalflow_vs\opticalflow_vs\optiflow\debug\opticalflowd.pch
d:\school\robot vision\module 4 required assignment four\opticalflow_vs\opticalflow_vs\optiflow\debug\vc140.pdb
d:\school\robot vision\module 4 required assignment four\opticalflow_vs\opticalflow_vs\optiflow\debug\vc140.idb
d:\school\robot vision\module 4 required assignment four\opticalflow_vs\opticalflow_vs\optiflow\debug\stdafx.obj
c:\users\one\desktop\robot vision projects\opticalflow_vs\opticalflow_vs\opticalflow_vs\optiflow\debug\opticalflow.res
d:\school\robot vision\module 4 required assignment four\opticalflow_vs\opticalflow_vs\optiflow\debug\cl.command.1.tlog
d:\school\robot vision\module 4 required assignment four\opticalflow_vs\opticalflow_vs\optiflow\debug\cl.read.1.tlog
d:\school\robot vision\module 4 required assignment four\opticalflow_vs\opticalflow_vs\optiflow\debug\cl.write.1.tlog
d:\school\robot vision\module 4 required assignment four\opticalflow_vs\opticalflow_vs\optiflow\debug\link-cvtres.read.1.tlog
d:\school\robot vision\module 4 required assignment four\opticalflow_vs\opticalflow_vs\optiflow\debug\link-cvtres.write.1.tlog
d:\school\robot vision\module 4 required assignment four\opticalflow_vs\opticalflow_vs\optiflow\debug\link.command.1.tlog
d:\school\robot vision\module 4 required assignment four\opticalflow_vs\opticalflow_vs\optiflow\debug\link.read.1.tlog
d:\school\robot vision\module 4 required assignment four\opticalflow_vs\opticalflow_vs\optiflow\debug\link.write.1.tlog
d:\school\robot vision\module 4 required assignment four\opticalflow_vs\opticalflow_vs\optiflow\debug\rc.command.1.tlog
d:\school\robot vision\module 4 required assignment four\opticalflow_vs\opticalflow_vs\optiflow\debug\rc.read.1.tlog
d:\school\robot vision\module 4 required assignment four\opticalflow_vs\opticalflow_vs\optiflow\debug\rc.write.1.tlog
d:\school\robot vision\module 4 required assignment four\opticalflow_vs\opticalflow_vs\optiflow\debug\opticalflow.res
d:\school\robot vision\module 4 required assignment four\opticalflow_vs\opticalflow_vs\optiflow\debug\vc100.idb
d:\school\robot vision\module 4 required assignment four\opticalflow_vs\opticalflow_vs\optiflow\debug\vc100.pdb
d:\school\robot vision\module 4 required assignment four\opticalflow_vs\opticalflow_vs\debug\opticalflowd.pdb
d:\school\robot vision\module 4 required assignment four\opticalflow_vs\opticalflow_vs\optiflow\debug\opticalflow.tlog\cl.command.1.tlog
d:\school\robot vision\module 4 required assignment four\opticalflow_vs\opticalflow_vs\optiflow\debug\opticalflow.tlog\cl.read.1.tlog
d:\school\robot vision\module 4 required assignment four\opticalflow_vs\opticalflow_vs\optiflow\debug\opticalflow.tlog\cl.write.1.tlog
d:\school\robot vision\module 4 required assignment four\opticalflow_vs\opticalflow_vs\optiflow\debug\opticalflow.tlog\link-cvtres.read.1.tlog
d:\school\robot vision\module 4 required assignment four\opticalflow_vs\opticalflow_vs\optiflow\debug\opticalflow.tlog\link-cvtres.write.1.tlog
d:\school\robot vision\module 4 required assignment four\opticalflow_vs\opticalflow_vs\optiflow\debug\opticalflow.tlog\link.command.1.tlog
d:\school\robot vision\module 4 required assignment four\opticalflow_vs\opticalflow_vs\optiflow\debug\opticalflow.tlog\link.read.1.tlog
d:\school\robot vision\module 4 required assignment four\opticalflow_vs\opticalflow_vs\optiflow\debug\opticalflow.tlog\link.write.1.tlog
d:\school\robot vision\module 4 required assignment four\opticalflow_vs\opticalflow_vs\optiflow\debug\opticalflow.tlog\rc.command.1.tlog
d:\school\robot vision\module 4 required assignment four\opticalflow_vs\opticalflow_vs\optiflow\debug\opticalflow.tlog\rc.read.1.tlog
d:\school\robot vision\module 4 required assignment four\opticalflow_vs\opticalflow_vs\optiflow\debug\opticalflow.tlog\rc.write.1.tlog
